<?xml version="1.0" encoding="UTF-8"?>
<testsuite name="MainTest" tests="5" skipped="0" failures="0" errors="0" timestamp="2026-09-09T10:51:18.022Z" hostname="main-fedora" time="0.086">
  <properties/>
  <testcase name="testReversedArray()" classname="MainTest" time="0.047"/>
  <testcase name="testStandardArray()" classname="MainTest" time="0.006"/>
  <testcase name="testDuplicatesAndNegatives()" classname="MainTest" time="0.001"/>
  <testcase name="testEdgeCases()" classname="MainTest" time="0.001"/>
  <testcase name="testAlreadySortedArray()" classname="MainTest" time="0.001"/>
  <system-out><![CDATA[]]></system-out>
  <system-err><![CDATA[]]></system-err>
</testsuite>
