<?xml version="1.0" encoding="UTF-8"?>
<testsuite name="MainTest" tests="5" skipped="0" failures="0" errors="0" timestamp="2026-09-09T09:33:05.503Z" hostname="main-fedora" time="0.182">
  <properties/>
  <testcase name="testReversedArray()" classname="MainTest" time="0.106"/>
  <testcase name="testStandardArray()" classname="MainTest" time="0.012"/>
  <testcase name="testDuplicatesAndNegatives()" classname="MainTest" time="0.003"/>
  <testcase name="testEdgeCases()" classname="MainTest" time="0.003"/>
  <testcase name="testAlreadySortedArray()" classname="MainTest" time="0.002"/>
  <system-out><![CDATA[]]></system-out>
  <system-err><![CDATA[]]></system-err>
</testsuite>
